<?xml version="1.0" encoding="UTF-8"?>
<!-- Generated by org.testng.reporters.JUnitXMLReporter -->
<testsuite hostname="DESKTOP-O4G2OQC" name="Sprint1" tests="3" failures="0" timestamp="17 Nov 2016 10:01:06 GMT" time="141.762" errors="0">
  <testcase name="@BeforeMethod setUp" time="0.0" classname="testcases.Data_Validation_Test1">
    <failure type="org.openqa.selenium.WebDriverException" message="Failed to connect to binary FirefoxBinary(C:\Program Files (x86)\Mozilla Firefox\firefox.exe) on port 7055; process output follows: 
xpi	DEBUG	Updating database with changes to installed add-ons
1479376729376	addons.xpi-utils	DEBUG	Updating add-on states
1479376729379	addons.xpi-utils	DEBUG	Writing add-ons list
1479376729385	addons.xpi	DEBUG	Registering manifest for C:\Program Files (x86)\Mozilla Firefox\browser\features\e10srollout@mozilla.org.xpi
1479376729386	addons.xpi	DEBUG	Calling bootstrap method startup on e10srollout@mozilla.org version 1.3
1479376729386	addons.xpi	DEBUG	Registering manifest for C:\Program Files (x86)\Mozilla Firefox\browser\features\firefox@getpocket.com.xpi
1479376729387	addons.xpi	DEBUG	Calling bootstrap method startup on firefox@getpocket.com version 1.0.4
1479376729388	addons.xpi	DEBUG	Registering manifest for C:\Program Files (x86)\Mozilla Firefox\browser\features\webcompat@mozilla.org.xpi
1479376729389	addons.xpi	DEBUG	Calling bootstrap method startup on webcompat@mozilla.org version 1.0
1479376729392	addons.manager	DEBUG	Registering shutdown blocker for XPIProvider
1479376729392	addons.manager	DEBUG	Provider finished startup: XPIProvider
1479376729392	addons.manager	DEBUG	Starting provider: LightweightThemeManager
1479376729392	addons.manager	DEBUG	Registering shutdown blocker for LightweightThemeManager
1479376729393	addons.manager	DEBUG	Provider finished startup: LightweightThemeManager
1479376729393	addons.manager	DEBUG	Starting provider: GMPProvider
1479376729408	addons.manager	DEBUG	Registering shutdown blocker for GMPProvider
1479376729409	addons.manager	DEBUG	Provider finished startup: GMPProvider
1479376729409	addons.manager	DEBUG	Starting provider: PluginProvider
1479376729409	addons.manager	DEBUG	Registering shutdown blocker for PluginProvider
1479376729409	addons.manager	DEBUG	Provider finished startup: PluginProvider
1479376729410	addons.manager	DEBUG	Completed startup sequence
1479376731593	addons.manager	DEBUG	Starting provider: &amp;lt;unnamed-provider&amp;gt;
1479376731593	addons.manager	DEBUG	Registering shutdown blocker for &amp;lt;unnamed-provider&amp;gt;
1479376731593	addons.manager	DEBUG	Provider finished startup: &amp;lt;unnamed-provider&amp;gt;
1479376731835	DeferredSave.extensions.json	DEBUG	Write succeeded
1479376731835	addons.xpi-utils	DEBUG	XPI Database saved, setting schema version preference to 17
1479376731835	DeferredSave.extensions.json	DEBUG	Starting timer
1479376731858	DeferredSave.extensions.json	DEBUG	Starting write
1479376732087	addons.repository	DEBUG	No addons.json found.
1479376732088	DeferredSave.addons.json	DEBUG	Save changes
1479376732149	DeferredSave.addons.json	DEBUG	Starting timer
1479376732264	addons.manager	DEBUG	Starting provider: PreviousExperimentProvider
1479376732265	addons.manager	DEBUG	Registering shutdown blocker for PreviousExperimentProvider
1479376732266	addons.manager	DEBUG	Provider finished startup: PreviousExperimentProvider
1479376732449	DeferredSave.addons.json	DEBUG	Starting write
1479376732892	DeferredSave.extensions.json	DEBUG	Write succeeded
1479376732934	DeferredSave.addons.json	DEBUG	Write succeeded
1479376739311	addons.xpi	DEBUG	Calling bootstrap method shutdown on e10srollout@mozilla.org version 1.3
1479376739312	addons.xpi	DEBUG	Calling bootstrap method shutdown on firefox@getpocket.com version 1.0.4
1479376739312	addons.xpi	DEBUG	Calling bootstrap method shutdown on webcompat@mozilla.org version 1.0
1479376739635	addons.manager	DEBUG	shutdown
1479376739636	addons.manager	DEBUG	Calling shutdown blocker for XPIProvider
1479376739636	addons.xpi	DEBUG	shutdown
1479376739636	addons.xpi-utils	DEBUG	shutdown
1479376739637	addons.manager	DEBUG	Calling shutdown blocker for LightweightThemeManager
1479376739638	addons.manager	DEBUG	Calling shutdown blocker for GMPProvider
1479376739643	addons.manager	DEBUG	Calling shutdown blocker for PluginProvider
1479376739643	addons.manager	DEBUG	Calling shutdown blocker for &amp;lt;unnamed-provider&amp;gt;
1479376739646	addons.manager	DEBUG	Calling shutdown blocker for PreviousExperimentProvider
1479376739651	addons.xpi	DEBUG	Notifying XPI shutdown observers
1479376739656	addons.manager	DEBUG	Async provider shutdown done

Build info: version: &amp;apos;2.53.1&amp;apos;, revision: &amp;apos;a36b8b1cd5757287168e54b817830adce9b0158d&amp;apos;, time: &amp;apos;2016-06-30 19:26:09&amp;apos;
System info: host: &amp;apos;DESKTOP-O4G2OQC&amp;apos;, ip: &amp;apos;192.168.186.2&amp;apos;, os.name: &amp;apos;Windows 10&amp;apos;, os.arch: &amp;apos;amd64&amp;apos;, os.version: &amp;apos;10.0&amp;apos;, java.version: &amp;apos;1.8.0_101&amp;apos;
Driver info: driver.version: FirefoxDriver">
      <![CDATA[org.openqa.selenium.WebDriverException: Failed to connect to binary FirefoxBinary(C:\Program Files (x86)\Mozilla Firefox\firefox.exe) on port 7055; process output follows: 
xpi	DEBUG	Updating database with changes to installed add-ons
1479376729376	addons.xpi-utils	DEBUG	Updating add-on states
1479376729379	addons.xpi-utils	DEBUG	Writing add-ons list
1479376729385	addons.xpi	DEBUG	Registering manifest for C:\Program Files (x86)\Mozilla Firefox\browser\features\e10srollout@mozilla.org.xpi
1479376729386	addons.xpi	DEBUG	Calling bootstrap method startup on e10srollout@mozilla.org version 1.3
1479376729386	addons.xpi	DEBUG	Registering manifest for C:\Program Files (x86)\Mozilla Firefox\browser\features\firefox@getpocket.com.xpi
1479376729387	addons.xpi	DEBUG	Calling bootstrap method startup on firefox@getpocket.com version 1.0.4
1479376729388	addons.xpi	DEBUG	Registering manifest for C:\Program Files (x86)\Mozilla Firefox\browser\features\webcompat@mozilla.org.xpi
1479376729389	addons.xpi	DEBUG	Calling bootstrap method startup on webcompat@mozilla.org version 1.0
1479376729392	addons.manager	DEBUG	Registering shutdown blocker for XPIProvider
1479376729392	addons.manager	DEBUG	Provider finished startup: XPIProvider
1479376729392	addons.manager	DEBUG	Starting provider: LightweightThemeManager
1479376729392	addons.manager	DEBUG	Registering shutdown blocker for LightweightThemeManager
1479376729393	addons.manager	DEBUG	Provider finished startup: LightweightThemeManager
1479376729393	addons.manager	DEBUG	Starting provider: GMPProvider
1479376729408	addons.manager	DEBUG	Registering shutdown blocker for GMPProvider
1479376729409	addons.manager	DEBUG	Provider finished startup: GMPProvider
1479376729409	addons.manager	DEBUG	Starting provider: PluginProvider
1479376729409	addons.manager	DEBUG	Registering shutdown blocker for PluginProvider
1479376729409	addons.manager	DEBUG	Provider finished startup: PluginProvider
1479376729410	addons.manager	DEBUG	Completed startup sequence
1479376731593	addons.manager	DEBUG	Starting provider: <unnamed-provider>
1479376731593	addons.manager	DEBUG	Registering shutdown blocker for <unnamed-provider>
1479376731593	addons.manager	DEBUG	Provider finished startup: <unnamed-provider>
1479376731835	DeferredSave.extensions.json	DEBUG	Write succeeded
1479376731835	addons.xpi-utils	DEBUG	XPI Database saved, setting schema version preference to 17
1479376731835	DeferredSave.extensions.json	DEBUG	Starting timer
1479376731858	DeferredSave.extensions.json	DEBUG	Starting write
1479376732087	addons.repository	DEBUG	No addons.json found.
1479376732088	DeferredSave.addons.json	DEBUG	Save changes
1479376732149	DeferredSave.addons.json	DEBUG	Starting timer
1479376732264	addons.manager	DEBUG	Starting provider: PreviousExperimentProvider
1479376732265	addons.manager	DEBUG	Registering shutdown blocker for PreviousExperimentProvider
1479376732266	addons.manager	DEBUG	Provider finished startup: PreviousExperimentProvider
1479376732449	DeferredSave.addons.json	DEBUG	Starting write
1479376732892	DeferredSave.extensions.json	DEBUG	Write succeeded
1479376732934	DeferredSave.addons.json	DEBUG	Write succeeded
1479376739311	addons.xpi	DEBUG	Calling bootstrap method shutdown on e10srollout@mozilla.org version 1.3
1479376739312	addons.xpi	DEBUG	Calling bootstrap method shutdown on firefox@getpocket.com version 1.0.4
1479376739312	addons.xpi	DEBUG	Calling bootstrap method shutdown on webcompat@mozilla.org version 1.0
1479376739635	addons.manager	DEBUG	shutdown
1479376739636	addons.manager	DEBUG	Calling shutdown blocker for XPIProvider
1479376739636	addons.xpi	DEBUG	shutdown
1479376739636	addons.xpi-utils	DEBUG	shutdown
1479376739637	addons.manager	DEBUG	Calling shutdown blocker for LightweightThemeManager
1479376739638	addons.manager	DEBUG	Calling shutdown blocker for GMPProvider
1479376739643	addons.manager	DEBUG	Calling shutdown blocker for PluginProvider
1479376739643	addons.manager	DEBUG	Calling shutdown blocker for <unnamed-provider>
1479376739646	addons.manager	DEBUG	Calling shutdown blocker for PreviousExperimentProvider
1479376739651	addons.xpi	DEBUG	Notifying XPI shutdown observers
1479376739656	addons.manager	DEBUG	Async provider shutdown done

Build info: version: '2.53.1', revision: 'a36b8b1cd5757287168e54b817830adce9b0158d', time: '2016-06-30 19:26:09'
System info: host: 'DESKTOP-O4G2OQC', ip: '192.168.186.2', os.name: 'Windows 10', os.arch: 'amd64', os.version: '10.0', java.version: '1.8.0_101'
Driver info: driver.version: FirefoxDriver
	at org.openqa.selenium.firefox.internal.NewProfileExtensionConnection.start(NewProfileExtensionConnection.java:125)
	at org.openqa.selenium.firefox.FirefoxDriver.startClient(FirefoxDriver.java:271)
	at org.openqa.selenium.remote.RemoteWebDriver.<init>(RemoteWebDriver.java:119)
	at org.openqa.selenium.firefox.FirefoxDriver.<init>(FirefoxDriver.java:216)
	at org.openqa.selenium.firefox.FirefoxDriver.<init>(FirefoxDriver.java:211)
	at org.openqa.selenium.firefox.FirefoxDriver.<init>(FirefoxDriver.java:207)
	at org.openqa.selenium.firefox.FirefoxDriver.<init>(FirefoxDriver.java:120)
	at factory.BrowserFactory.getBrowser(BrowserFactory.java:20)
	at testcases.Data_Validation_Test1.setUp(Data_Validation_Test1.java:39)
Caused by: org.openqa.selenium.firefox.NotConnectedException: Unable to connect to host 127.0.0.1 on port 7055 after 45000 ms. Firefox console output:
xpi	DEBUG	Updating database with changes to installed add-ons
1479376729376	addons.xpi-utils	DEBUG	Updating add-on states
1479376729379	addons.xpi-utils	DEBUG	Writing add-ons list
1479376729385	addons.xpi	DEBUG	Registering manifest for C:\Program Files (x86)\Mozilla Firefox\browser\features\e10srollout@mozilla.org.xpi
1479376729386	addons.xpi	DEBUG	Calling bootstrap method startup on e10srollout@mozilla.org version 1.3
1479376729386	addons.xpi	DEBUG	Registering manifest for C:\Program Files (x86)\Mozilla Firefox\browser\features\firefox@getpocket.com.xpi
1479376729387	addons.xpi	DEBUG	Calling bootstrap method startup on firefox@getpocket.com version 1.0.4
1479376729388	addons.xpi	DEBUG	Registering manifest for C:\Program Files (x86)\Mozilla Firefox\browser\features\webcompat@mozilla.org.xpi
1479376729389	addons.xpi	DEBUG	Calling bootstrap method startup on webcompat@mozilla.org version 1.0
1479376729392	addons.manager	DEBUG	Registering shutdown blocker for XPIProvider
1479376729392	addons.manager	DEBUG	Provider finished startup: XPIProvider
1479376729392	addons.manager	DEBUG	Starting provider: LightweightThemeManager
1479376729392	addons.manager	DEBUG	Registering shutdown blocker for LightweightThemeManager
1479376729393	addons.manager	DEBUG	Provider finished startup: LightweightThemeManager
1479376729393	addons.manager	DEBUG	Starting provider: GMPProvider
1479376729408	addons.manager	DEBUG	Registering shutdown blocker for GMPProvider
1479376729409	addons.manager	DEBUG	Provider finished startup: GMPProvider
1479376729409	addons.manager	DEBUG	Starting provider: PluginProvider
1479376729409	addons.manager	DEBUG	Registering shutdown blocker for PluginProvider
1479376729409	addons.manager	DEBUG	Provider finished startup: PluginProvider
1479376729410	addons.manager	DEBUG	Completed startup sequence
1479376731593	addons.manager	DEBUG	Starting provider: <unnamed-provider>
1479376731593	addons.manager	DEBUG	Registering shutdown blocker for <unnamed-provider>
1479376731593	addons.manager	DEBUG	Provider finished startup: <unnamed-provider>
1479376731835	DeferredSave.extensions.json	DEBUG	Write succeeded
1479376731835	addons.xpi-utils	DEBUG	XPI Database saved, setting schema version preference to 17
1479376731835	DeferredSave.extensions.json	DEBUG	Starting timer
1479376731858	DeferredSave.extensions.json	DEBUG	Starting write
1479376732087	addons.repository	DEBUG	No addons.json found.
1479376732088	DeferredSave.addons.json	DEBUG	Save changes
1479376732149	DeferredSave.addons.json	DEBUG	Starting timer
1479376732264	addons.manager	DEBUG	Starting provider: PreviousExperimentProvider
1479376732265	addons.manager	DEBUG	Registering shutdown blocker for PreviousExperimentProvider
1479376732266	addons.manager	DEBUG	Provider finished startup: PreviousExperimentProvider
1479376732449	DeferredSave.addons.json	DEBUG	Starting write
1479376732892	DeferredSave.extensions.json	DEBUG	Write succeeded
1479376732934	DeferredSave.addons.json	DEBUG	Write succeeded
1479376739311	addons.xpi	DEBUG	Calling bootstrap method shutdown on e10srollout@mozilla.org version 1.3
1479376739312	addons.xpi	DEBUG	Calling bootstrap method shutdown on firefox@getpocket.com version 1.0.4
1479376739312	addons.xpi	DEBUG	Calling bootstrap method shutdown on webcompat@mozilla.org version 1.0
1479376739635	addons.manager	DEBUG	shutdown
1479376739636	addons.manager	DEBUG	Calling shutdown blocker for XPIProvider
1479376739636	addons.xpi	DEBUG	shutdown
1479376739636	addons.xpi-utils	DEBUG	shutdown
1479376739637	addons.manager	DEBUG	Calling shutdown blocker for LightweightThemeManager
1479376739638	addons.manager	DEBUG	Calling shutdown blocker for GMPProvider
1479376739643	addons.manager	DEBUG	Calling shutdown blocker for PluginProvider
1479376739643	addons.manager	DEBUG	Calling shutdown blocker for <unnamed-provider>
1479376739646	addons.manager	DEBUG	Calling shutdown blocker for PreviousExperimentProvider
1479376739651	addons.xpi	DEBUG	Notifying XPI shutdown observers
1479376739656	addons.manager	DEBUG	Async provider shutdown done

	at org.openqa.selenium.firefox.internal.NewProfileExtensionConnection.start(NewProfileExtensionConnection.java:113)
	... 34 more
... Removed 26 stack frames]]>
    </failure>
  </testcase> <!-- @BeforeMethod setUp -->
  <testcase name="@AfterMethod tearDown" time="0.0" classname="testcases.Data_Validation_Test1">
    <skipped/>
  </testcase> <!-- @AfterMethod tearDown -->
  <testcase name="@BeforeMethod setUp" time="0.0" classname="testcases.LoanAmountValidation_Test2">
    <failure type="org.openqa.selenium.WebDriverException" message="Failed to connect to binary FirefoxBinary(C:\Program Files (x86)\Mozilla Firefox\firefox.exe) on port 7055; process output follows: 
can of {972ce4c6-7e08-4474-a285-3208198ce6fd}
1479376774761	DeferredSave.extensions.json	DEBUG	Save changes
1479376774761	addons.xpi	DEBUG	Updating database with changes to installed add-ons
1479376774761	addons.xpi-utils	DEBUG	Updating add-on states
1479376774762	addons.xpi-utils	DEBUG	Writing add-ons list
1479376774766	addons.xpi	DEBUG	Registering manifest for C:\Program Files (x86)\Mozilla Firefox\browser\features\e10srollout@mozilla.org.xpi
1479376774767	addons.xpi	DEBUG	Calling bootstrap method startup on e10srollout@mozilla.org version 1.3
1479376774767	addons.xpi	DEBUG	Registering manifest for C:\Program Files (x86)\Mozilla Firefox\browser\features\firefox@getpocket.com.xpi
1479376774768	addons.xpi	DEBUG	Calling bootstrap method startup on firefox@getpocket.com version 1.0.4
1479376774769	addons.xpi	DEBUG	Registering manifest for C:\Program Files (x86)\Mozilla Firefox\browser\features\webcompat@mozilla.org.xpi
1479376774769	addons.xpi	DEBUG	Calling bootstrap method startup on webcompat@mozilla.org version 1.0
1479376774771	addons.manager	DEBUG	Registering shutdown blocker for XPIProvider
1479376774771	addons.manager	DEBUG	Provider finished startup: XPIProvider
1479376774771	addons.manager	DEBUG	Starting provider: LightweightThemeManager
1479376774771	addons.manager	DEBUG	Registering shutdown blocker for LightweightThemeManager
1479376774772	addons.manager	DEBUG	Provider finished startup: LightweightThemeManager
1479376774772	addons.manager	DEBUG	Starting provider: GMPProvider
1479376774780	addons.manager	DEBUG	Registering shutdown blocker for GMPProvider
1479376774780	addons.manager	DEBUG	Provider finished startup: GMPProvider
1479376774780	addons.manager	DEBUG	Starting provider: PluginProvider
1479376774781	addons.manager	DEBUG	Registering shutdown blocker for PluginProvider
1479376774781	addons.manager	DEBUG	Provider finished startup: PluginProvider
1479376774781	addons.manager	DEBUG	Completed startup sequence
1479376776962	addons.manager	DEBUG	Starting provider: &amp;lt;unnamed-provider&amp;gt;
1479376776962	addons.manager	DEBUG	Registering shutdown blocker for &amp;lt;unnamed-provider&amp;gt;
1479376776962	addons.manager	DEBUG	Provider finished startup: &amp;lt;unnamed-provider&amp;gt;
1479376776964	DeferredSave.extensions.json	DEBUG	Starting write
1479376777182	addons.repository	DEBUG	No addons.json found.
1479376777182	DeferredSave.addons.json	DEBUG	Save changes
1479376777187	DeferredSave.addons.json	DEBUG	Starting timer
1479376777220	addons.manager	DEBUG	Starting provider: PreviousExperimentProvider
1479376777220	addons.manager	DEBUG	Registering shutdown blocker for PreviousExperimentProvider
1479376777221	addons.manager	DEBUG	Provider finished startup: PreviousExperimentProvider
1479376777224	DeferredSave.extensions.json	DEBUG	Write succeeded
1479376777226	addons.xpi-utils	DEBUG	XPI Database saved, setting schema version preference to 17
1479376777250	DeferredSave.addons.json	DEBUG	Starting write
1479376777261	DeferredSave.addons.json	DEBUG	Write succeeded
1479376782273	addons.xpi	DEBUG	Calling bootstrap method shutdown on e10srollout@mozilla.org version 1.3
1479376782274	addons.xpi	DEBUG	Calling bootstrap method shutdown on firefox@getpocket.com version 1.0.4
1479376782275	addons.xpi	DEBUG	Calling bootstrap method shutdown on webcompat@mozilla.org version 1.0
1479376782651	addons.manager	DEBUG	shutdown
1479376782651	addons.manager	DEBUG	Calling shutdown blocker for XPIProvider
1479376782651	addons.xpi	DEBUG	shutdown
1479376782652	addons.xpi-utils	DEBUG	shutdown
1479376782653	addons.manager	DEBUG	Calling shutdown blocker for LightweightThemeManager
1479376782654	addons.manager	DEBUG	Calling shutdown blocker for GMPProvider
1479376782657	addons.manager	DEBUG	Calling shutdown blocker for PluginProvider
1479376782657	addons.manager	DEBUG	Calling shutdown blocker for &amp;lt;unnamed-provider&amp;gt;
1479376782659	addons.manager	DEBUG	Calling shutdown blocker for PreviousExperimentProvider
1479376782663	addons.xpi	DEBUG	Notifying XPI shutdown observers
1479376782667	addons.manager	DEBUG	Async provider shutdown done

Build info: version: &amp;apos;2.53.1&amp;apos;, revision: &amp;apos;a36b8b1cd5757287168e54b817830adce9b0158d&amp;apos;, time: &amp;apos;2016-06-30 19:26:09&amp;apos;
System info: host: &amp;apos;DESKTOP-O4G2OQC&amp;apos;, ip: &amp;apos;192.168.186.2&amp;apos;, os.name: &amp;apos;Windows 10&amp;apos;, os.arch: &amp;apos;amd64&amp;apos;, os.version: &amp;apos;10.0&amp;apos;, java.version: &amp;apos;1.8.0_101&amp;apos;
Driver info: driver.version: FirefoxDriver">
      <![CDATA[org.openqa.selenium.WebDriverException: Failed to connect to binary FirefoxBinary(C:\Program Files (x86)\Mozilla Firefox\firefox.exe) on port 7055; process output follows: 
can of {972ce4c6-7e08-4474-a285-3208198ce6fd}
1479376774761	DeferredSave.extensions.json	DEBUG	Save changes
1479376774761	addons.xpi	DEBUG	Updating database with changes to installed add-ons
1479376774761	addons.xpi-utils	DEBUG	Updating add-on states
1479376774762	addons.xpi-utils	DEBUG	Writing add-ons list
1479376774766	addons.xpi	DEBUG	Registering manifest for C:\Program Files (x86)\Mozilla Firefox\browser\features\e10srollout@mozilla.org.xpi
1479376774767	addons.xpi	DEBUG	Calling bootstrap method startup on e10srollout@mozilla.org version 1.3
1479376774767	addons.xpi	DEBUG	Registering manifest for C:\Program Files (x86)\Mozilla Firefox\browser\features\firefox@getpocket.com.xpi
1479376774768	addons.xpi	DEBUG	Calling bootstrap method startup on firefox@getpocket.com version 1.0.4
1479376774769	addons.xpi	DEBUG	Registering manifest for C:\Program Files (x86)\Mozilla Firefox\browser\features\webcompat@mozilla.org.xpi
1479376774769	addons.xpi	DEBUG	Calling bootstrap method startup on webcompat@mozilla.org version 1.0
1479376774771	addons.manager	DEBUG	Registering shutdown blocker for XPIProvider
1479376774771	addons.manager	DEBUG	Provider finished startup: XPIProvider
1479376774771	addons.manager	DEBUG	Starting provider: LightweightThemeManager
1479376774771	addons.manager	DEBUG	Registering shutdown blocker for LightweightThemeManager
1479376774772	addons.manager	DEBUG	Provider finished startup: LightweightThemeManager
1479376774772	addons.manager	DEBUG	Starting provider: GMPProvider
1479376774780	addons.manager	DEBUG	Registering shutdown blocker for GMPProvider
1479376774780	addons.manager	DEBUG	Provider finished startup: GMPProvider
1479376774780	addons.manager	DEBUG	Starting provider: PluginProvider
1479376774781	addons.manager	DEBUG	Registering shutdown blocker for PluginProvider
1479376774781	addons.manager	DEBUG	Provider finished startup: PluginProvider
1479376774781	addons.manager	DEBUG	Completed startup sequence
1479376776962	addons.manager	DEBUG	Starting provider: <unnamed-provider>
1479376776962	addons.manager	DEBUG	Registering shutdown blocker for <unnamed-provider>
1479376776962	addons.manager	DEBUG	Provider finished startup: <unnamed-provider>
1479376776964	DeferredSave.extensions.json	DEBUG	Starting write
1479376777182	addons.repository	DEBUG	No addons.json found.
1479376777182	DeferredSave.addons.json	DEBUG	Save changes
1479376777187	DeferredSave.addons.json	DEBUG	Starting timer
1479376777220	addons.manager	DEBUG	Starting provider: PreviousExperimentProvider
1479376777220	addons.manager	DEBUG	Registering shutdown blocker for PreviousExperimentProvider
1479376777221	addons.manager	DEBUG	Provider finished startup: PreviousExperimentProvider
1479376777224	DeferredSave.extensions.json	DEBUG	Write succeeded
1479376777226	addons.xpi-utils	DEBUG	XPI Database saved, setting schema version preference to 17
1479376777250	DeferredSave.addons.json	DEBUG	Starting write
1479376777261	DeferredSave.addons.json	DEBUG	Write succeeded
1479376782273	addons.xpi	DEBUG	Calling bootstrap method shutdown on e10srollout@mozilla.org version 1.3
1479376782274	addons.xpi	DEBUG	Calling bootstrap method shutdown on firefox@getpocket.com version 1.0.4
1479376782275	addons.xpi	DEBUG	Calling bootstrap method shutdown on webcompat@mozilla.org version 1.0
1479376782651	addons.manager	DEBUG	shutdown
1479376782651	addons.manager	DEBUG	Calling shutdown blocker for XPIProvider
1479376782651	addons.xpi	DEBUG	shutdown
1479376782652	addons.xpi-utils	DEBUG	shutdown
1479376782653	addons.manager	DEBUG	Calling shutdown blocker for LightweightThemeManager
1479376782654	addons.manager	DEBUG	Calling shutdown blocker for GMPProvider
1479376782657	addons.manager	DEBUG	Calling shutdown blocker for PluginProvider
1479376782657	addons.manager	DEBUG	Calling shutdown blocker for <unnamed-provider>
1479376782659	addons.manager	DEBUG	Calling shutdown blocker for PreviousExperimentProvider
1479376782663	addons.xpi	DEBUG	Notifying XPI shutdown observers
1479376782667	addons.manager	DEBUG	Async provider shutdown done

Build info: version: '2.53.1', revision: 'a36b8b1cd5757287168e54b817830adce9b0158d', time: '2016-06-30 19:26:09'
System info: host: 'DESKTOP-O4G2OQC', ip: '192.168.186.2', os.name: 'Windows 10', os.arch: 'amd64', os.version: '10.0', java.version: '1.8.0_101'
Driver info: driver.version: FirefoxDriver
	at org.openqa.selenium.firefox.internal.NewProfileExtensionConnection.start(NewProfileExtensionConnection.java:125)
	at org.openqa.selenium.firefox.FirefoxDriver.startClient(FirefoxDriver.java:271)
	at org.openqa.selenium.remote.RemoteWebDriver.<init>(RemoteWebDriver.java:119)
	at org.openqa.selenium.firefox.FirefoxDriver.<init>(FirefoxDriver.java:216)
	at org.openqa.selenium.firefox.FirefoxDriver.<init>(FirefoxDriver.java:211)
	at org.openqa.selenium.firefox.FirefoxDriver.<init>(FirefoxDriver.java:207)
	at org.openqa.selenium.firefox.FirefoxDriver.<init>(FirefoxDriver.java:120)
	at factory.BrowserFactory.getBrowser(BrowserFactory.java:20)
	at testcases.LoanAmountValidation_Test2.setUp(LoanAmountValidation_Test2.java:40)
Caused by: org.openqa.selenium.firefox.NotConnectedException: Unable to connect to host 127.0.0.1 on port 7055 after 45000 ms. Firefox console output:
can of {972ce4c6-7e08-4474-a285-3208198ce6fd}
1479376774761	DeferredSave.extensions.json	DEBUG	Save changes
1479376774761	addons.xpi	DEBUG	Updating database with changes to installed add-ons
1479376774761	addons.xpi-utils	DEBUG	Updating add-on states
1479376774762	addons.xpi-utils	DEBUG	Writing add-ons list
1479376774766	addons.xpi	DEBUG	Registering manifest for C:\Program Files (x86)\Mozilla Firefox\browser\features\e10srollout@mozilla.org.xpi
1479376774767	addons.xpi	DEBUG	Calling bootstrap method startup on e10srollout@mozilla.org version 1.3
1479376774767	addons.xpi	DEBUG	Registering manifest for C:\Program Files (x86)\Mozilla Firefox\browser\features\firefox@getpocket.com.xpi
1479376774768	addons.xpi	DEBUG	Calling bootstrap method startup on firefox@getpocket.com version 1.0.4
1479376774769	addons.xpi	DEBUG	Registering manifest for C:\Program Files (x86)\Mozilla Firefox\browser\features\webcompat@mozilla.org.xpi
1479376774769	addons.xpi	DEBUG	Calling bootstrap method startup on webcompat@mozilla.org version 1.0
1479376774771	addons.manager	DEBUG	Registering shutdown blocker for XPIProvider
1479376774771	addons.manager	DEBUG	Provider finished startup: XPIProvider
1479376774771	addons.manager	DEBUG	Starting provider: LightweightThemeManager
1479376774771	addons.manager	DEBUG	Registering shutdown blocker for LightweightThemeManager
1479376774772	addons.manager	DEBUG	Provider finished startup: LightweightThemeManager
1479376774772	addons.manager	DEBUG	Starting provider: GMPProvider
1479376774780	addons.manager	DEBUG	Registering shutdown blocker for GMPProvider
1479376774780	addons.manager	DEBUG	Provider finished startup: GMPProvider
1479376774780	addons.manager	DEBUG	Starting provider: PluginProvider
1479376774781	addons.manager	DEBUG	Registering shutdown blocker for PluginProvider
1479376774781	addons.manager	DEBUG	Provider finished startup: PluginProvider
1479376774781	addons.manager	DEBUG	Completed startup sequence
1479376776962	addons.manager	DEBUG	Starting provider: <unnamed-provider>
1479376776962	addons.manager	DEBUG	Registering shutdown blocker for <unnamed-provider>
1479376776962	addons.manager	DEBUG	Provider finished startup: <unnamed-provider>
1479376776964	DeferredSave.extensions.json	DEBUG	Starting write
1479376777182	addons.repository	DEBUG	No addons.json found.
1479376777182	DeferredSave.addons.json	DEBUG	Save changes
1479376777187	DeferredSave.addons.json	DEBUG	Starting timer
1479376777220	addons.manager	DEBUG	Starting provider: PreviousExperimentProvider
1479376777220	addons.manager	DEBUG	Registering shutdown blocker for PreviousExperimentProvider
1479376777221	addons.manager	DEBUG	Provider finished startup: PreviousExperimentProvider
1479376777224	DeferredSave.extensions.json	DEBUG	Write succeeded
1479376777226	addons.xpi-utils	DEBUG	XPI Database saved, setting schema version preference to 17
1479376777250	DeferredSave.addons.json	DEBUG	Starting write
1479376777261	DeferredSave.addons.json	DEBUG	Write succeeded
1479376782273	addons.xpi	DEBUG	Calling bootstrap method shutdown on e10srollout@mozilla.org version 1.3
1479376782274	addons.xpi	DEBUG	Calling bootstrap method shutdown on firefox@getpocket.com version 1.0.4
1479376782275	addons.xpi	DEBUG	Calling bootstrap method shutdown on webcompat@mozilla.org version 1.0
1479376782651	addons.manager	DEBUG	shutdown
1479376782651	addons.manager	DEBUG	Calling shutdown blocker for XPIProvider
1479376782651	addons.xpi	DEBUG	shutdown
1479376782652	addons.xpi-utils	DEBUG	shutdown
1479376782653	addons.manager	DEBUG	Calling shutdown blocker for LightweightThemeManager
1479376782654	addons.manager	DEBUG	Calling shutdown blocker for GMPProvider
1479376782657	addons.manager	DEBUG	Calling shutdown blocker for PluginProvider
1479376782657	addons.manager	DEBUG	Calling shutdown blocker for <unnamed-provider>
1479376782659	addons.manager	DEBUG	Calling shutdown blocker for PreviousExperimentProvider
1479376782663	addons.xpi	DEBUG	Notifying XPI shutdown observers
1479376782667	addons.manager	DEBUG	Async provider shutdown done

	at org.openqa.selenium.firefox.internal.NewProfileExtensionConnection.start(NewProfileExtensionConnection.java:113)
	... 34 more
... Removed 26 stack frames]]>
    </failure>
  </testcase> <!-- @BeforeMethod setUp -->
  <testcase name="@AfterMethod tearDown" time="0.0" classname="testcases.LoanAmountValidation_Test2">
    <skipped/>
  </testcase> <!-- @AfterMethod tearDown -->
  <testcase name="@BeforeMethod setUp" time="0.0" classname="testcases.LoanRepayCompare_Test3">
    <failure type="org.openqa.selenium.WebDriverException" message="Failed to connect to binary FirefoxBinary(C:\Program Files (x86)\Mozilla Firefox\firefox.exe) on port 7055; process output follows: 
can of {972ce4c6-7e08-4474-a285-3208198ce6fd}
1479376821216	DeferredSave.extensions.json	DEBUG	Save changes
1479376821216	addons.xpi	DEBUG	Updating database with changes to installed add-ons
1479376821216	addons.xpi-utils	DEBUG	Updating add-on states
1479376821218	addons.xpi-utils	DEBUG	Writing add-ons list
1479376821222	addons.xpi	DEBUG	Registering manifest for C:\Program Files (x86)\Mozilla Firefox\browser\features\e10srollout@mozilla.org.xpi
1479376821223	addons.xpi	DEBUG	Calling bootstrap method startup on e10srollout@mozilla.org version 1.3
1479376821223	addons.xpi	DEBUG	Registering manifest for C:\Program Files (x86)\Mozilla Firefox\browser\features\firefox@getpocket.com.xpi
1479376821223	addons.xpi	DEBUG	Calling bootstrap method startup on firefox@getpocket.com version 1.0.4
1479376821224	addons.xpi	DEBUG	Registering manifest for C:\Program Files (x86)\Mozilla Firefox\browser\features\webcompat@mozilla.org.xpi
1479376821225	addons.xpi	DEBUG	Calling bootstrap method startup on webcompat@mozilla.org version 1.0
1479376821226	addons.manager	DEBUG	Registering shutdown blocker for XPIProvider
1479376821227	addons.manager	DEBUG	Provider finished startup: XPIProvider
1479376821227	addons.manager	DEBUG	Starting provider: LightweightThemeManager
1479376821227	addons.manager	DEBUG	Registering shutdown blocker for LightweightThemeManager
1479376821227	addons.manager	DEBUG	Provider finished startup: LightweightThemeManager
1479376821228	addons.manager	DEBUG	Starting provider: GMPProvider
1479376821236	addons.manager	DEBUG	Registering shutdown blocker for GMPProvider
1479376821236	addons.manager	DEBUG	Provider finished startup: GMPProvider
1479376821237	addons.manager	DEBUG	Starting provider: PluginProvider
1479376821237	addons.manager	DEBUG	Registering shutdown blocker for PluginProvider
1479376821237	addons.manager	DEBUG	Provider finished startup: PluginProvider
1479376821237	addons.manager	DEBUG	Completed startup sequence
1479376823496	addons.manager	DEBUG	Starting provider: &amp;lt;unnamed-provider&amp;gt;
1479376823497	addons.manager	DEBUG	Registering shutdown blocker for &amp;lt;unnamed-provider&amp;gt;
1479376823497	addons.manager	DEBUG	Provider finished startup: &amp;lt;unnamed-provider&amp;gt;
1479376823500	DeferredSave.extensions.json	DEBUG	Starting write
1479376823728	addons.repository	DEBUG	No addons.json found.
1479376823728	DeferredSave.addons.json	DEBUG	Save changes
1479376823732	DeferredSave.addons.json	DEBUG	Starting timer
1479376823772	addons.manager	DEBUG	Starting provider: PreviousExperimentProvider
1479376823773	addons.manager	DEBUG	Registering shutdown blocker for PreviousExperimentProvider
1479376823774	addons.manager	DEBUG	Provider finished startup: PreviousExperimentProvider
1479376823777	DeferredSave.extensions.json	DEBUG	Write succeeded
1479376823778	addons.xpi-utils	DEBUG	XPI Database saved, setting schema version preference to 17
1479376823784	DeferredSave.addons.json	DEBUG	Starting write
1479376823811	DeferredSave.addons.json	DEBUG	Write succeeded
1479376827605	addons.xpi	DEBUG	Calling bootstrap method shutdown on e10srollout@mozilla.org version 1.3
1479376827605	addons.xpi	DEBUG	Calling bootstrap method shutdown on firefox@getpocket.com version 1.0.4
1479376827605	addons.xpi	DEBUG	Calling bootstrap method shutdown on webcompat@mozilla.org version 1.0
1479376828298	addons.manager	DEBUG	shutdown
1479376828299	addons.manager	DEBUG	Calling shutdown blocker for XPIProvider
1479376828299	addons.xpi	DEBUG	shutdown
1479376828300	addons.xpi-utils	DEBUG	shutdown
1479376828301	addons.manager	DEBUG	Calling shutdown blocker for LightweightThemeManager
1479376828301	addons.manager	DEBUG	Calling shutdown blocker for GMPProvider
1479376828307	addons.manager	DEBUG	Calling shutdown blocker for PluginProvider
1479376828307	addons.manager	DEBUG	Calling shutdown blocker for &amp;lt;unnamed-provider&amp;gt;
1479376828311	addons.manager	DEBUG	Calling shutdown blocker for PreviousExperimentProvider
1479376828316	addons.xpi	DEBUG	Notifying XPI shutdown observers
1479376828323	addons.manager	DEBUG	Async provider shutdown done

Build info: version: &amp;apos;2.53.1&amp;apos;, revision: &amp;apos;a36b8b1cd5757287168e54b817830adce9b0158d&amp;apos;, time: &amp;apos;2016-06-30 19:26:09&amp;apos;
System info: host: &amp;apos;DESKTOP-O4G2OQC&amp;apos;, ip: &amp;apos;192.168.186.2&amp;apos;, os.name: &amp;apos;Windows 10&amp;apos;, os.arch: &amp;apos;amd64&amp;apos;, os.version: &amp;apos;10.0&amp;apos;, java.version: &amp;apos;1.8.0_101&amp;apos;
Driver info: driver.version: FirefoxDriver">
      <![CDATA[org.openqa.selenium.WebDriverException: Failed to connect to binary FirefoxBinary(C:\Program Files (x86)\Mozilla Firefox\firefox.exe) on port 7055; process output follows: 
can of {972ce4c6-7e08-4474-a285-3208198ce6fd}
1479376821216	DeferredSave.extensions.json	DEBUG	Save changes
1479376821216	addons.xpi	DEBUG	Updating database with changes to installed add-ons
1479376821216	addons.xpi-utils	DEBUG	Updating add-on states
1479376821218	addons.xpi-utils	DEBUG	Writing add-ons list
1479376821222	addons.xpi	DEBUG	Registering manifest for C:\Program Files (x86)\Mozilla Firefox\browser\features\e10srollout@mozilla.org.xpi
1479376821223	addons.xpi	DEBUG	Calling bootstrap method startup on e10srollout@mozilla.org version 1.3
1479376821223	addons.xpi	DEBUG	Registering manifest for C:\Program Files (x86)\Mozilla Firefox\browser\features\firefox@getpocket.com.xpi
1479376821223	addons.xpi	DEBUG	Calling bootstrap method startup on firefox@getpocket.com version 1.0.4
1479376821224	addons.xpi	DEBUG	Registering manifest for C:\Program Files (x86)\Mozilla Firefox\browser\features\webcompat@mozilla.org.xpi
1479376821225	addons.xpi	DEBUG	Calling bootstrap method startup on webcompat@mozilla.org version 1.0
1479376821226	addons.manager	DEBUG	Registering shutdown blocker for XPIProvider
1479376821227	addons.manager	DEBUG	Provider finished startup: XPIProvider
1479376821227	addons.manager	DEBUG	Starting provider: LightweightThemeManager
1479376821227	addons.manager	DEBUG	Registering shutdown blocker for LightweightThemeManager
1479376821227	addons.manager	DEBUG	Provider finished startup: LightweightThemeManager
1479376821228	addons.manager	DEBUG	Starting provider: GMPProvider
1479376821236	addons.manager	DEBUG	Registering shutdown blocker for GMPProvider
1479376821236	addons.manager	DEBUG	Provider finished startup: GMPProvider
1479376821237	addons.manager	DEBUG	Starting provider: PluginProvider
1479376821237	addons.manager	DEBUG	Registering shutdown blocker for PluginProvider
1479376821237	addons.manager	DEBUG	Provider finished startup: PluginProvider
1479376821237	addons.manager	DEBUG	Completed startup sequence
1479376823496	addons.manager	DEBUG	Starting provider: <unnamed-provider>
1479376823497	addons.manager	DEBUG	Registering shutdown blocker for <unnamed-provider>
1479376823497	addons.manager	DEBUG	Provider finished startup: <unnamed-provider>
1479376823500	DeferredSave.extensions.json	DEBUG	Starting write
1479376823728	addons.repository	DEBUG	No addons.json found.
1479376823728	DeferredSave.addons.json	DEBUG	Save changes
1479376823732	DeferredSave.addons.json	DEBUG	Starting timer
1479376823772	addons.manager	DEBUG	Starting provider: PreviousExperimentProvider
1479376823773	addons.manager	DEBUG	Registering shutdown blocker for PreviousExperimentProvider
1479376823774	addons.manager	DEBUG	Provider finished startup: PreviousExperimentProvider
1479376823777	DeferredSave.extensions.json	DEBUG	Write succeeded
1479376823778	addons.xpi-utils	DEBUG	XPI Database saved, setting schema version preference to 17
1479376823784	DeferredSave.addons.json	DEBUG	Starting write
1479376823811	DeferredSave.addons.json	DEBUG	Write succeeded
1479376827605	addons.xpi	DEBUG	Calling bootstrap method shutdown on e10srollout@mozilla.org version 1.3
1479376827605	addons.xpi	DEBUG	Calling bootstrap method shutdown on firefox@getpocket.com version 1.0.4
1479376827605	addons.xpi	DEBUG	Calling bootstrap method shutdown on webcompat@mozilla.org version 1.0
1479376828298	addons.manager	DEBUG	shutdown
1479376828299	addons.manager	DEBUG	Calling shutdown blocker for XPIProvider
1479376828299	addons.xpi	DEBUG	shutdown
1479376828300	addons.xpi-utils	DEBUG	shutdown
1479376828301	addons.manager	DEBUG	Calling shutdown blocker for LightweightThemeManager
1479376828301	addons.manager	DEBUG	Calling shutdown blocker for GMPProvider
1479376828307	addons.manager	DEBUG	Calling shutdown blocker for PluginProvider
1479376828307	addons.manager	DEBUG	Calling shutdown blocker for <unnamed-provider>
1479376828311	addons.manager	DEBUG	Calling shutdown blocker for PreviousExperimentProvider
1479376828316	addons.xpi	DEBUG	Notifying XPI shutdown observers
1479376828323	addons.manager	DEBUG	Async provider shutdown done

Build info: version: '2.53.1', revision: 'a36b8b1cd5757287168e54b817830adce9b0158d', time: '2016-06-30 19:26:09'
System info: host: 'DESKTOP-O4G2OQC', ip: '192.168.186.2', os.name: 'Windows 10', os.arch: 'amd64', os.version: '10.0', java.version: '1.8.0_101'
Driver info: driver.version: FirefoxDriver
	at org.openqa.selenium.firefox.internal.NewProfileExtensionConnection.start(NewProfileExtensionConnection.java:125)
	at org.openqa.selenium.firefox.FirefoxDriver.startClient(FirefoxDriver.java:271)
	at org.openqa.selenium.remote.RemoteWebDriver.<init>(RemoteWebDriver.java:119)
	at org.openqa.selenium.firefox.FirefoxDriver.<init>(FirefoxDriver.java:216)
	at org.openqa.selenium.firefox.FirefoxDriver.<init>(FirefoxDriver.java:211)
	at org.openqa.selenium.firefox.FirefoxDriver.<init>(FirefoxDriver.java:207)
	at org.openqa.selenium.firefox.FirefoxDriver.<init>(FirefoxDriver.java:120)
	at factory.BrowserFactory.getBrowser(BrowserFactory.java:20)
	at testcases.LoanRepayCompare_Test3.setUp(LoanRepayCompare_Test3.java:33)
Caused by: org.openqa.selenium.firefox.NotConnectedException: Unable to connect to host 127.0.0.1 on port 7055 after 45000 ms. Firefox console output:
can of {972ce4c6-7e08-4474-a285-3208198ce6fd}
1479376821216	DeferredSave.extensions.json	DEBUG	Save changes
1479376821216	addons.xpi	DEBUG	Updating database with changes to installed add-ons
1479376821216	addons.xpi-utils	DEBUG	Updating add-on states
1479376821218	addons.xpi-utils	DEBUG	Writing add-ons list
1479376821222	addons.xpi	DEBUG	Registering manifest for C:\Program Files (x86)\Mozilla Firefox\browser\features\e10srollout@mozilla.org.xpi
1479376821223	addons.xpi	DEBUG	Calling bootstrap method startup on e10srollout@mozilla.org version 1.3
1479376821223	addons.xpi	DEBUG	Registering manifest for C:\Program Files (x86)\Mozilla Firefox\browser\features\firefox@getpocket.com.xpi
1479376821223	addons.xpi	DEBUG	Calling bootstrap method startup on firefox@getpocket.com version 1.0.4
1479376821224	addons.xpi	DEBUG	Registering manifest for C:\Program Files (x86)\Mozilla Firefox\browser\features\webcompat@mozilla.org.xpi
1479376821225	addons.xpi	DEBUG	Calling bootstrap method startup on webcompat@mozilla.org version 1.0
1479376821226	addons.manager	DEBUG	Registering shutdown blocker for XPIProvider
1479376821227	addons.manager	DEBUG	Provider finished startup: XPIProvider
1479376821227	addons.manager	DEBUG	Starting provider: LightweightThemeManager
1479376821227	addons.manager	DEBUG	Registering shutdown blocker for LightweightThemeManager
1479376821227	addons.manager	DEBUG	Provider finished startup: LightweightThemeManager
1479376821228	addons.manager	DEBUG	Starting provider: GMPProvider
1479376821236	addons.manager	DEBUG	Registering shutdown blocker for GMPProvider
1479376821236	addons.manager	DEBUG	Provider finished startup: GMPProvider
1479376821237	addons.manager	DEBUG	Starting provider: PluginProvider
1479376821237	addons.manager	DEBUG	Registering shutdown blocker for PluginProvider
1479376821237	addons.manager	DEBUG	Provider finished startup: PluginProvider
1479376821237	addons.manager	DEBUG	Completed startup sequence
1479376823496	addons.manager	DEBUG	Starting provider: <unnamed-provider>
1479376823497	addons.manager	DEBUG	Registering shutdown blocker for <unnamed-provider>
1479376823497	addons.manager	DEBUG	Provider finished startup: <unnamed-provider>
1479376823500	DeferredSave.extensions.json	DEBUG	Starting write
1479376823728	addons.repository	DEBUG	No addons.json found.
1479376823728	DeferredSave.addons.json	DEBUG	Save changes
1479376823732	DeferredSave.addons.json	DEBUG	Starting timer
1479376823772	addons.manager	DEBUG	Starting provider: PreviousExperimentProvider
1479376823773	addons.manager	DEBUG	Registering shutdown blocker for PreviousExperimentProvider
1479376823774	addons.manager	DEBUG	Provider finished startup: PreviousExperimentProvider
1479376823777	DeferredSave.extensions.json	DEBUG	Write succeeded
1479376823778	addons.xpi-utils	DEBUG	XPI Database saved, setting schema version preference to 17
1479376823784	DeferredSave.addons.json	DEBUG	Starting write
1479376823811	DeferredSave.addons.json	DEBUG	Write succeeded
1479376827605	addons.xpi	DEBUG	Calling bootstrap method shutdown on e10srollout@mozilla.org version 1.3
1479376827605	addons.xpi	DEBUG	Calling bootstrap method shutdown on firefox@getpocket.com version 1.0.4
1479376827605	addons.xpi	DEBUG	Calling bootstrap method shutdown on webcompat@mozilla.org version 1.0
1479376828298	addons.manager	DEBUG	shutdown
1479376828299	addons.manager	DEBUG	Calling shutdown blocker for XPIProvider
1479376828299	addons.xpi	DEBUG	shutdown
1479376828300	addons.xpi-utils	DEBUG	shutdown
1479376828301	addons.manager	DEBUG	Calling shutdown blocker for LightweightThemeManager
1479376828301	addons.manager	DEBUG	Calling shutdown blocker for GMPProvider
1479376828307	addons.manager	DEBUG	Calling shutdown blocker for PluginProvider
1479376828307	addons.manager	DEBUG	Calling shutdown blocker for <unnamed-provider>
1479376828311	addons.manager	DEBUG	Calling shutdown blocker for PreviousExperimentProvider
1479376828316	addons.xpi	DEBUG	Notifying XPI shutdown observers
1479376828323	addons.manager	DEBUG	Async provider shutdown done

	at org.openqa.selenium.firefox.internal.NewProfileExtensionConnection.start(NewProfileExtensionConnection.java:113)
	... 34 more
... Removed 26 stack frames]]>
    </failure>
  </testcase> <!-- @BeforeMethod setUp -->
  <testcase name="@AfterMethod tearDown" time="0.0" classname="testcases.LoanRepayCompare_Test3">
    <skipped/>
  </testcase> <!-- @AfterMethod tearDown -->
  <testcase name="testDataValidation" time="0.006" classname="testcases.Data_Validation_Test1">
    <skipped/>
  </testcase> <!-- testDataValidation -->
  <testcase name="testLoanAmountValidation" time="0.009" classname="testcases.LoanAmountValidation_Test2">
    <skipped/>
  </testcase> <!-- testLoanAmountValidation -->
  <testcase name="testLoanAmountValidation" time="0.002" classname="testcases.LoanRepayCompare_Test3">
    <skipped/>
  </testcase> <!-- testLoanAmountValidation -->
</testsuite> <!-- Sprint1 -->
