<?xml version="1.0" encoding="UTF-8"?>
<testng-results skipped="0" failed="0" total="1" passed="1">
  <reporter-output>
  </reporter-output>
  <suite name="Default suite" duration-ms="18197" started-at="2016-11-18T07:24:55Z" finished-at="2016-11-18T07:25:13Z">
    <groups>
    </groups>
    <test name="Default test" duration-ms="18197" started-at="2016-11-18T07:24:55Z" finished-at="2016-11-18T07:25:13Z">
      <class name="testcases.Data_Validation_Test1">
        <test-method status="PASS" signature="setUp()[pri:0, instance:testcases.Data_Validation_Test1@7dc7cbad]" name="setUp" is-config="true" duration-ms="8793" started-at="2016-11-18T12:54:55Z" finished-at="2016-11-18T12:55:04Z">
          <reporter-output>
          </reporter-output>
        </test-method> <!-- setUp -->
        <test-method status="PASS" signature="testDataValidation()[pri:0, instance:testcases.Data_Validation_Test1@7dc7cbad]" name="testDataValidation" duration-ms="7385" started-at="2016-11-18T12:55:04Z" finished-at="2016-11-18T12:55:11Z">
          <reporter-output>
          </reporter-output>
        </test-method> <!-- testDataValidation -->
        <test-method status="PASS" signature="tearDown(org.testng.ITestResult)[pri:0, instance:testcases.Data_Validation_Test1@7dc7cbad]" name="tearDown" is-config="true" duration-ms="1998" started-at="2016-11-18T12:55:11Z" finished-at="2016-11-18T12:55:13Z">
          <params>
            <param index="0">
              <value>
                <![CDATA[[TestResult name=testDataValidation status=SUCCESS method=Data_Validation_Test1.testDataValidation()[pri:0, instance:testcases.Data_Validation_Test1@7dc7cbad] output={null}]]]>
              </value>
            </param>
          </params>
          <reporter-output>
          </reporter-output>
        </test-method> <!-- tearDown -->
      </class> <!-- testcases.Data_Validation_Test1 -->
    </test> <!-- Default test -->
  </suite> <!-- Default suite -->
</testng-results>
